<?xml version="1.0" encoding="UTF-8"?>
<robot generator="Robot 4.0.3 (Python 3.9.5 on win32)" generated="20210729 10:46:47.977" rpa="false" schemaversion="2">
<suite id="s1" name="Busca" source="D:\workspaces\parodifood\busca.robot">
<test id="s1-t1" name="Deve buscar um único restaurante">
<kw name="Start Session">
<kw name="New Browser" library="Browser">
<arg>chromium</arg>
<arg>False</arg>
<tag>BrowserControl</tag>
<tag>Setter</tag>
<doc>Create a new playwright Browser with specified options.
See `Browser, Context and Page` for more information about Browser and related concepts.</doc>
<msg timestamp="20210729 10:46:49.296" level="INFO">{"browser": "chromium", "headless": false, "handleSIGINT": true, "handleSIGTERM": true, "handleSIGHUP": true, "timeout": 30000.0, "devtools": false, "slowMo": 0.0, "tracesDir": "D:\\workspaces\\parodifood\\browser\\traces\\5d8a1f00-60e1-4575-8718-2157fad9b190"}</msg>
<msg timestamp="20210729 10:46:50.114" level="INFO">Successfully created browser with options: {"browser":"chromium","headless":false,"handleSIGINT":true,"handleSIGTERM":true,"handleSIGHUP":true,"timeout":30000,"devtools":false,"slowMo":0,"tracesDir":"D:\\workspaces\\parodifood\\browser\\traces\\5d8a1f00-60e1-4575-8718-2157fad9b190"}</msg>
<status status="PASS" starttime="20210729 10:46:49.296" endtime="20210729 10:46:50.114"/>
</kw>
<kw name="New Page" library="Browser">
<arg>http://parodifood.qaninja.academy/</arg>
<tag>BrowserControl</tag>
<tag>Setter</tag>
<doc>Open a new Page. A Page is the Playwright equivalent to a tab.
See `Browser, Context and Page` for more information about Page concept.
Returns a stable identifier for the created page.</doc>
<msg timestamp="20210729 10:46:54.590" level="INFO">Successfully initialized new page object and opened url: http://parodifood.qaninja.academy/</msg>
<msg timestamp="20210729 10:46:54.591" level="INFO">No context was open. New context was automatically opened when this page is created.</msg>
<status status="PASS" starttime="20210729 10:46:50.115" endtime="20210729 10:46:54.591"/>
</kw>
<kw name="Get Text" library="Browser">
<arg>css=span</arg>
<arg>contains</arg>
<arg>Nunca foi tão engraçado pedir comida</arg>
<tag>Assertion</tag>
<tag>Getter</tag>
<tag>PageContent</tag>
<doc>Returns text attribute of the element found by ``selector``.
See the `Finding elements` section for details about the selectors.</doc>
<status status="PASS" starttime="20210729 10:46:54.591" endtime="20210729 10:46:54.647"/>
</kw>
<status status="PASS" starttime="20210729 10:46:49.296" endtime="20210729 10:46:54.647"/>
</kw>
<kw name="Go To Restaurants">
<kw name="Click" library="Browser">
<arg>text=Estou com fome!</arg>
<tag>PageContent</tag>
<tag>Setter</tag>
<doc>Simulates mouse click on the element found by ``selector``.</doc>
<status status="PASS" starttime="20210729 10:46:54.648" endtime="20210729 10:46:54.723"/>
</kw>
<kw name="Get Text" library="Browser">
<arg>css=h1 strong</arg>
<arg>contains</arg>
<arg>Ta na hora de matar a fome</arg>
<tag>Assertion</tag>
<tag>Getter</tag>
<tag>PageContent</tag>
<doc>Returns text attribute of the element found by ``selector``.
See the `Finding elements` section for details about the selectors.</doc>
<status status="PASS" starttime="20210729 10:46:54.723" endtime="20210729 10:46:54.749"/>
</kw>
<status status="PASS" starttime="20210729 10:46:54.648" endtime="20210729 10:46:54.749"/>
</kw>
<kw name="Search By">
<arg>Debuger</arg>
<kw name="Click" library="Browser">
<arg>css=.search-link</arg>
<tag>PageContent</tag>
<tag>Setter</tag>
<doc>Simulates mouse click on the element found by ``selector``.</doc>
<status status="PASS" starttime="20210729 10:46:54.750" endtime="20210729 10:46:54.805"/>
</kw>
<kw name="Fill Text" library="Browser">
<arg>css=input[formcontrolname="searchControl"]</arg>
<arg>${value}</arg>
<tag>PageContent</tag>
<tag>Setter</tag>
<doc>Clears and fills the given ``text`` into the text field found by ``selector``.</doc>
<msg timestamp="20210729 10:46:54.805" level="INFO">Fills the text 'Debuger' in the given field.</msg>
<status status="PASS" starttime="20210729 10:46:54.805" endtime="20210729 10:46:54.821"/>
</kw>
<status status="PASS" starttime="20210729 10:46:54.750" endtime="20210729 10:46:54.821"/>
</kw>
<kw name="Restaurant Should Be Visible">
<arg>DEBUGER KING</arg>
<kw name="Wait For Elements State" library="Browser">
<arg>css=div[class="place-info-box"][style="opacity: 1;"]</arg>
<arg>visible</arg>
<arg>15</arg>
<tag>PageContent</tag>
<tag>Wait</tag>
<doc>Waits for the element found by ``selector`` to satisfy state option.</doc>
<msg timestamp="20210729 10:46:55.893" level="INFO">Wait for Element with selector: css=div[class="place-info-box"][style="opacity: 1;"]</msg>
<status status="PASS" starttime="20210729 10:46:54.822" endtime="20210729 10:46:55.893"/>
</kw>
<kw name="Get Text" library="Browser">
<arg>css=.place-info-box</arg>
<arg>contains</arg>
<arg>${name}</arg>
<tag>Assertion</tag>
<tag>Getter</tag>
<tag>PageContent</tag>
<doc>Returns text attribute of the element found by ``selector``.
See the `Finding elements` section for details about the selectors.</doc>
<status status="PASS" starttime="20210729 10:46:55.893" endtime="20210729 10:46:55.910"/>
</kw>
<status status="PASS" starttime="20210729 10:46:54.821" endtime="20210729 10:46:55.910"/>
</kw>
<kw name="Restaurant Count Should Be">
<arg>1</arg>
<msg timestamp="20210729 10:46:55.912" level="FAIL">No keyword with name 'Restaurant Count Should Be' found. Did you mean:
    Restaurant Count Shoud Be</msg>
<status status="FAIL" starttime="20210729 10:46:55.912" endtime="20210729 10:46:55.912"/>
</kw>
<kw name="Take Screenshot" library="Browser">
<tag>PageContent</tag>
<doc>Takes a screenshot of the current window and saves it.</doc>
<status status="NOT RUN" starttime="20210729 10:46:55.912" endtime="20210729 10:46:55.912"/>
</kw>
<status status="FAIL" starttime="20210729 10:46:49.294" endtime="20210729 10:46:55.913">No keyword with name 'Restaurant Count Should Be' found. Did you mean:
    Restaurant Count Shoud Be</status>
</test>
<test id="s1-t2" name="Deve buscar por categoria">
<kw name="Start Session">
<kw name="New Browser" library="Browser">
<arg>chromium</arg>
<arg>False</arg>
<tag>BrowserControl</tag>
<tag>Setter</tag>
<doc>Create a new playwright Browser with specified options.
See `Browser, Context and Page` for more information about Browser and related concepts.</doc>
<msg timestamp="20210729 10:46:56.000" level="INFO">{"browser": "chromium", "headless": false, "handleSIGINT": true, "handleSIGTERM": true, "handleSIGHUP": true, "timeout": 30000.0, "devtools": false, "slowMo": 0.0, "tracesDir": "D:\\workspaces\\parodifood\\browser\\traces\\330b808b-7d98-46d1-8bff-0f9fec3bb5d8"}</msg>
<msg timestamp="20210729 10:46:56.831" level="INFO">Successfully created browser with options: {"browser":"chromium","headless":false,"handleSIGINT":true,"handleSIGTERM":true,"handleSIGHUP":true,"timeout":30000,"devtools":false,"slowMo":0,"tracesDir":"D:\\workspaces\\parodifood\\browser\\traces\\330b808b-7d98-46d1-8bff-0f9fec3bb5d8"}</msg>
<status status="PASS" starttime="20210729 10:46:55.998" endtime="20210729 10:46:56.831"/>
</kw>
<kw name="New Page" library="Browser">
<arg>http://parodifood.qaninja.academy/</arg>
<tag>BrowserControl</tag>
<tag>Setter</tag>
<doc>Open a new Page. A Page is the Playwright equivalent to a tab.
See `Browser, Context and Page` for more information about Page concept.
Returns a stable identifier for the created page.</doc>
<msg timestamp="20210729 10:47:00.864" level="INFO">Successfully initialized new page object and opened url: http://parodifood.qaninja.academy/</msg>
<msg timestamp="20210729 10:47:00.865" level="INFO">No context was open. New context was automatically opened when this page is created.</msg>
<status status="PASS" starttime="20210729 10:46:56.831" endtime="20210729 10:47:00.865"/>
</kw>
<kw name="Get Text" library="Browser">
<arg>css=span</arg>
<arg>contains</arg>
<arg>Nunca foi tão engraçado pedir comida</arg>
<tag>Assertion</tag>
<tag>Getter</tag>
<tag>PageContent</tag>
<doc>Returns text attribute of the element found by ``selector``.
See the `Finding elements` section for details about the selectors.</doc>
<status status="PASS" starttime="20210729 10:47:00.865" endtime="20210729 10:47:00.909"/>
</kw>
<status status="PASS" starttime="20210729 10:46:55.998" endtime="20210729 10:47:00.909"/>
</kw>
<kw name="Go To Restaurants">
<kw name="Click" library="Browser">
<arg>text=Estou com fome!</arg>
<tag>PageContent</tag>
<tag>Setter</tag>
<doc>Simulates mouse click on the element found by ``selector``.</doc>
<status status="PASS" starttime="20210729 10:47:00.910" endtime="20210729 10:47:00.994"/>
</kw>
<kw name="Get Text" library="Browser">
<arg>css=h1 strong</arg>
<arg>contains</arg>
<arg>Ta na hora de matar a fome</arg>
<tag>Assertion</tag>
<tag>Getter</tag>
<tag>PageContent</tag>
<doc>Returns text attribute of the element found by ``selector``.
See the `Finding elements` section for details about the selectors.</doc>
<status status="PASS" starttime="20210729 10:47:00.994" endtime="20210729 10:47:01.025"/>
</kw>
<status status="PASS" starttime="20210729 10:47:00.909" endtime="20210729 10:47:01.025"/>
</kw>
<kw name="Search By">
<arg>Cafe</arg>
<kw name="Click" library="Browser">
<arg>css=.search-link</arg>
<tag>PageContent</tag>
<tag>Setter</tag>
<doc>Simulates mouse click on the element found by ``selector``.</doc>
<status status="PASS" starttime="20210729 10:47:01.026" endtime="20210729 10:47:01.075"/>
</kw>
<kw name="Fill Text" library="Browser">
<arg>css=input[formcontrolname="searchControl"]</arg>
<arg>${value}</arg>
<tag>PageContent</tag>
<tag>Setter</tag>
<doc>Clears and fills the given ``text`` into the text field found by ``selector``.</doc>
<msg timestamp="20210729 10:47:01.076" level="INFO">Fills the text 'Cafe' in the given field.</msg>
<status status="PASS" starttime="20210729 10:47:01.075" endtime="20210729 10:47:01.102"/>
</kw>
<status status="PASS" starttime="20210729 10:47:01.025" endtime="20210729 10:47:01.102"/>
</kw>
<kw name="Restaurant Should Be Visible">
<arg>STARBUGS COFFEE</arg>
<kw name="Wait For Elements State" library="Browser">
<arg>css=div[class="place-info-box"][style="opacity: 1;"]</arg>
<arg>visible</arg>
<arg>15</arg>
<tag>PageContent</tag>
<tag>Wait</tag>
<doc>Waits for the element found by ``selector`` to satisfy state option.</doc>
<msg timestamp="20210729 10:47:02.289" level="INFO">Wait for Element with selector: css=div[class="place-info-box"][style="opacity: 1;"]</msg>
<status status="PASS" starttime="20210729 10:47:01.103" endtime="20210729 10:47:02.289"/>
</kw>
<kw name="Get Text" library="Browser">
<arg>css=.place-info-box</arg>
<arg>contains</arg>
<arg>${name}</arg>
<tag>Assertion</tag>
<tag>Getter</tag>
<tag>PageContent</tag>
<doc>Returns text attribute of the element found by ``selector``.
See the `Finding elements` section for details about the selectors.</doc>
<status status="PASS" starttime="20210729 10:47:02.289" endtime="20210729 10:47:02.310"/>
</kw>
<status status="PASS" starttime="20210729 10:47:01.103" endtime="20210729 10:47:02.311"/>
</kw>
<kw name="Take Screenshot" library="Browser">
<tag>PageContent</tag>
<doc>Takes a screenshot of the current window and saves it.</doc>
<msg timestamp="20210729 10:47:02.427" level="INFO" html="true">&lt;/td&gt;&lt;/tr&gt;&lt;tr&gt;&lt;td colspan="3"&gt;&lt;a href="browser/screenshot/robotframework-browser-screenshot-1.png"&gt;&lt;img src="browser/screenshot/robotframework-browser-screenshot-1.png" width="800px"&gt;&lt;/a&gt;</msg>
<status status="PASS" starttime="20210729 10:47:02.311" endtime="20210729 10:47:02.427"/>
</kw>
<status status="PASS" starttime="20210729 10:46:55.993" endtime="20210729 10:47:02.427"/>
</test>
<test id="s1-t3" name="Deve buscar todos os restaurantes">
<kw name="Start Session">
<kw name="New Browser" library="Browser">
<arg>chromium</arg>
<arg>False</arg>
<tag>BrowserControl</tag>
<tag>Setter</tag>
<doc>Create a new playwright Browser with specified options.
See `Browser, Context and Page` for more information about Browser and related concepts.</doc>
<msg timestamp="20210729 10:47:02.538" level="INFO">{"browser": "chromium", "headless": false, "handleSIGINT": true, "handleSIGTERM": true, "handleSIGHUP": true, "timeout": 30000.0, "devtools": false, "slowMo": 0.0, "tracesDir": "D:\\workspaces\\parodifood\\browser\\traces\\f61cb8fe-bd52-47ef-949d-192072f9872b"}</msg>
<msg timestamp="20210729 10:47:03.343" level="INFO">Successfully created browser with options: {"browser":"chromium","headless":false,"handleSIGINT":true,"handleSIGTERM":true,"handleSIGHUP":true,"timeout":30000,"devtools":false,"slowMo":0,"tracesDir":"D:\\workspaces\\parodifood\\browser\\traces\\f61cb8fe-bd52-47ef-949d-192072f9872b"}</msg>
<status status="PASS" starttime="20210729 10:47:02.536" endtime="20210729 10:47:03.343"/>
</kw>
<kw name="New Page" library="Browser">
<arg>http://parodifood.qaninja.academy/</arg>
<tag>BrowserControl</tag>
<tag>Setter</tag>
<doc>Open a new Page. A Page is the Playwright equivalent to a tab.
See `Browser, Context and Page` for more information about Page concept.
Returns a stable identifier for the created page.</doc>
<msg timestamp="20210729 10:47:07.552" level="INFO">Successfully initialized new page object and opened url: http://parodifood.qaninja.academy/</msg>
<msg timestamp="20210729 10:47:07.552" level="INFO">No context was open. New context was automatically opened when this page is created.</msg>
<status status="PASS" starttime="20210729 10:47:03.343" endtime="20210729 10:47:07.552"/>
</kw>
<kw name="Get Text" library="Browser">
<arg>css=span</arg>
<arg>contains</arg>
<arg>Nunca foi tão engraçado pedir comida</arg>
<tag>Assertion</tag>
<tag>Getter</tag>
<tag>PageContent</tag>
<doc>Returns text attribute of the element found by ``selector``.
See the `Finding elements` section for details about the selectors.</doc>
<status status="PASS" starttime="20210729 10:47:07.553" endtime="20210729 10:47:07.600"/>
</kw>
<status status="PASS" starttime="20210729 10:47:02.534" endtime="20210729 10:47:07.600"/>
</kw>
<kw name="Go To Restaurants">
<kw name="Click" library="Browser">
<arg>text=Estou com fome!</arg>
<tag>PageContent</tag>
<tag>Setter</tag>
<doc>Simulates mouse click on the element found by ``selector``.</doc>
<status status="PASS" starttime="20210729 10:47:07.601" endtime="20210729 10:47:07.752"/>
</kw>
<kw name="Get Text" library="Browser">
<arg>css=h1 strong</arg>
<arg>contains</arg>
<arg>Ta na hora de matar a fome</arg>
<tag>Assertion</tag>
<tag>Getter</tag>
<tag>PageContent</tag>
<doc>Returns text attribute of the element found by ``selector``.
See the `Finding elements` section for details about the selectors.</doc>
<status status="PASS" starttime="20210729 10:47:07.752" endtime="20210729 10:47:07.773"/>
</kw>
<status status="PASS" starttime="20210729 10:47:07.601" endtime="20210729 10:47:07.774"/>
</kw>
<kw name="Search By">
<arg>a</arg>
<kw name="Click" library="Browser">
<arg>css=.search-link</arg>
<tag>PageContent</tag>
<tag>Setter</tag>
<doc>Simulates mouse click on the element found by ``selector``.</doc>
<status status="PASS" starttime="20210729 10:47:07.774" endtime="20210729 10:47:07.820"/>
</kw>
<kw name="Fill Text" library="Browser">
<arg>css=input[formcontrolname="searchControl"]</arg>
<arg>${value}</arg>
<tag>PageContent</tag>
<tag>Setter</tag>
<doc>Clears and fills the given ``text`` into the text field found by ``selector``.</doc>
<msg timestamp="20210729 10:47:07.820" level="INFO">Fills the text 'a' in the given field.</msg>
<status status="PASS" starttime="20210729 10:47:07.820" endtime="20210729 10:47:07.834"/>
</kw>
<status status="PASS" starttime="20210729 10:47:07.774" endtime="20210729 10:47:07.836"/>
</kw>
<kw name="Restaurant Couunt Should Be">
<arg>10</arg>
<msg timestamp="20210729 10:47:07.838" level="FAIL">No keyword with name 'Restaurant Couunt Should Be' found. Did you mean:
    Restaurant Count Shoud Be</msg>
<status status="FAIL" starttime="20210729 10:47:07.838" endtime="20210729 10:47:07.838"/>
</kw>
<kw name="Take Screenshot" library="Browser">
<tag>PageContent</tag>
<doc>Takes a screenshot of the current window and saves it.</doc>
<status status="NOT RUN" starttime="20210729 10:47:07.838" endtime="20210729 10:47:07.838"/>
</kw>
<status status="FAIL" starttime="20210729 10:47:02.527" endtime="20210729 10:47:07.838">No keyword with name 'Restaurant Couunt Should Be' found. Did you mean:
    Restaurant Count Shoud Be</status>
</test>
<status status="FAIL" starttime="20210729 10:46:47.978" endtime="20210729 10:47:07.919"/>
</suite>
<statistics>
<total>
<stat pass="1" fail="2" skip="0">All Tests</stat>
</total>
<tag>
</tag>
<suite>
<stat pass="1" fail="2" skip="0" id="s1" name="Busca">Busca</stat>
</suite>
</statistics>
<errors>
</errors>
</robot>
