<?xml version="1.0" encoding="UTF-8"?>
<robot generator="Robot 4.1.3 (Python 3.9.5 on win32)" generated="20220622 18:34:40.774" rpa="false" schemaversion="2">
<suite id="s1" name="Listas" source="D:\workspaces\RobotXpert\start\listas.robot">
<test id="s1-t1" name="Minha Lista">
<kw name="Log To Console" library="BuiltIn">
<arg>${AVENGERS}[3]</arg>
<doc>Logs the given message to the console.</doc>
<status status="PASS" starttime="20220622 18:34:40.805" endtime="20220622 18:34:40.807"/>
</kw>
<status status="PASS" starttime="20220622 18:34:40.804" endtime="20220622 18:34:40.807"/>
</test>
<doc>Conhecendo as Listas</doc>
<status status="PASS" starttime="20220622 18:34:40.776" endtime="20220622 18:34:40.809"/>
</suite>
<statistics>
<total>
<stat pass="1" fail="0" skip="0">All Tests</stat>
</total>
<tag>
</tag>
<suite>
<stat pass="1" fail="0" skip="0" id="s1" name="Listas">Listas</stat>
</suite>
</statistics>
<errors>
</errors>
</robot>
