<?xml version="1.0" encoding="UTF-8"?>
<robot generator="Robot 4.1.3 (Python 3.9.5 on win32)" generated="20220303 18:31:11.756" rpa="false" schemaversion="2">
<suite id="s1" name="Test" source="D:\workspaces\qaninja\robot\test.robot">
<test id="s1-t1" name="Deve retornar mensagem de boas vindas">
<kw name="Welcome" library="app">
<var>${result}</var>
<arg>Rafaella</arg>
<msg timestamp="20220303 18:31:11.788" level="INFO">${result} = Olá Rafaella, bem vindo ao Curso básico de Robot Framework!</msg>
<status status="PASS" starttime="20220303 18:31:11.788" endtime="20220303 18:31:11.788"/>
</kw>
<kw name="Log To Console" library="BuiltIn">
<arg>${result}</arg>
<doc>Logs the given message to the console.</doc>
<status status="PASS" starttime="20220303 18:31:11.789" endtime="20220303 18:31:11.790"/>
</kw>
<status status="PASS" starttime="20220303 18:31:11.786" endtime="20220303 18:31:11.791"/>
</test>
<status status="PASS" starttime="20220303 18:31:11.758" endtime="20220303 18:31:11.794"/>
</suite>
<statistics>
<total>
<stat pass="1" fail="0" skip="0">All Tests</stat>
</total>
<tag>
</tag>
<suite>
<stat pass="1" fail="0" skip="0" id="s1" name="Test">Test</stat>
</suite>
</statistics>
<errors>
</errors>
</robot>
