<?xml version="1.0" encoding="UTF-8"?>
<robot generator="Robot 4.1.3 (Python 3.9.5 on win32)" generated="20220106 09:50:41.705" rpa="false" schemaversion="2">
<suite id="s1" name="Consulta" source="d:\workspaces\gcfdesktop\entidades\tests\consulta.robot">
<kw name="Inicia Sessão" type="SETUP">
<msg timestamp="20220106 09:50:41.919" level="FAIL">No keyword with name 'Inicia Sessão' found.</msg>
<status status="FAIL" starttime="20220106 09:50:41.919" endtime="20220106 09:50:41.919"/>
</kw>
<test id="s1-t1" name="Consultar Portadores">
<status status="FAIL" starttime="20220106 09:50:41.919" endtime="20220106 09:50:41.922">Parent suite setup failed:
No keyword with name 'Inicia Sessão' found.</status>
</test>
<kw name="Encerrar Sessão" type="TEARDOWN">
<msg timestamp="20220106 09:50:41.927" level="FAIL">No keyword with name 'Encerrar Sessão' found.</msg>
<status status="FAIL" starttime="20220106 09:50:41.927" endtime="20220106 09:50:41.927">No keyword with name 'Encerrar Sessão' found.</status>
</kw>
<doc>Suite de Consulta GCF</doc>
<status status="FAIL" starttime="20220106 09:50:41.806" endtime="20220106 09:50:41.927">Suite setup failed:
No keyword with name 'Inicia Sessão' found.

Also suite teardown failed:
No keyword with name 'Encerrar Sessão' found.</status>
</suite>
<statistics>
<total>
<stat pass="0" fail="1" skip="0">All Tests</stat>
</total>
<tag>
</tag>
<suite>
<stat pass="0" fail="1" skip="0" id="s1" name="Consulta">Consulta</stat>
</suite>
</statistics>
<errors>
<msg timestamp="20220106 09:50:41.912" level="ERROR">Error in file 'd:\workspaces\gcfdesktop\entidades\tests\consulta.robot' on line 4: Resource file 'D:\workspaces\resources\base.robot' does not exist.</msg>
</errors>
</robot>
