<?xml version="1.0" encoding="UTF-8"?>
<robot generator="Robot 4.0.3 (Python 3.9.5 on win32)" generated="20210625 10:41:49.519" rpa="false" schemaversion="2">
<suite id="s1" name="Login" source="D:\workspaces\parodify\login.robot">
<test id="s1-t1" name="Login com sucesso">
<kw name="Open Browser" library="Browser">
<arg>${PAGINA}</arg>
<arg>${BROWSER}</arg>
<tag>BrowserControl</tag>
<tag>Setter</tag>
<doc>Opens a new browser instance. Use this keyword for quick experiments or debugging sessions.
Use `New Page` directly instead of `Open Browser` for production and automated execution.
See `Browser, Context and Page` for more information about Browser and related concepts.</doc>
<msg timestamp="20210625 10:41:51.397" level="WARN">Open Browser is for quick experimentation and debugging only. Use New Page for production.</msg>
<msg timestamp="20210625 10:41:51.398" level="INFO">{"browser": "chromium", "headless": false, "handleSIGINT": true, "handleSIGTERM": true, "handleSIGHUP": true, "timeout": 30000.0, "devtools": false, "slowMo": 0.0, "tracesDir": "D:\\workspaces\\parodify\\logs\\browser\\traces\\cd4fd119-3f47-42bc-a930-56890b2e0922"}</msg>
<msg timestamp="20210625 10:41:52.979" level="INFO">Successfully created browser with options: {"browser":"chromium","headless":false,"handleSIGINT":true,"handleSIGTERM":true,"handleSIGHUP":true,"timeout":30000,"devtools":false,"slowMo":0,"tracesDir":"D:\\workspaces\\parodify\\logs\\browser\\traces\\cd4fd119-3f47-42bc-a930-56890b2e0922"}</msg>
<msg timestamp="20210625 10:41:52.980" level="INFO">{"acceptDownloads": false, "ignoreHTTPSErrors": false, "bypassCSP": false, "deviceScaleFactor": 1.0, "isMobile": false, "hasTouch": false, "javaScriptEnabled": true, "offline": false, "hideRfBrowser": false}</msg>
<msg timestamp="20210625 10:41:52.993" level="INFO">Successfully created context. </msg>
<msg timestamp="20210625 10:41:52.993" level="INFO">{'acceptDownloads': False, 'ignoreHTTPSErrors': False, 'bypassCSP': False, 'deviceScaleFactor': 1, 'isMobile': False, 'hasTouch': False, 'javaScriptEnabled': True, 'offline': False, 'hideRfBrowser': False}</msg>
<msg timestamp="20210625 10:41:57.150" level="INFO">Successfully initialized new page object and opened url: https://parodify.herokuapp.com/users/sign_in</msg>
<msg timestamp="20210625 10:41:57.151" level="INFO">{"acceptDownloads":false,"ignoreHTTPSErrors":false,"bypassCSP":false,"deviceScaleFactor":1,"isMobile":false,"hasTouch":false,"javaScriptEnabled":true,"offline":false,"hideRfBrowser":false}</msg>
<status status="PASS" starttime="20210625 10:41:51.396" endtime="20210625 10:41:57.151"/>
</kw>
<kw name="Fill Text" library="Browser">
<arg>id=user_email</arg>
<arg>${EMAIL}</arg>
<tag>PageContent</tag>
<tag>Setter</tag>
<doc>Clears and fills the given ``text`` into the text field found by ``selector``.</doc>
<msg timestamp="20210625 10:41:57.154" level="INFO">Fills the text 'papito@parodify.com' in the given field.</msg>
<status status="PASS" starttime="20210625 10:41:57.152" endtime="20210625 10:41:57.198"/>
</kw>
<kw name="Fill Text" library="Browser">
<arg>id=user_password</arg>
<arg>${SENHA_BOA}</arg>
<tag>PageContent</tag>
<tag>Setter</tag>
<doc>Clears and fills the given ``text`` into the text field found by ``selector``.</doc>
<msg timestamp="20210625 10:41:57.198" level="INFO">Fills the text 'pwd123' in the given field.</msg>
<status status="PASS" starttime="20210625 10:41:57.198" endtime="20210625 10:41:57.220"/>
</kw>
<kw name="Click" library="Browser">
<arg>css=input[value="Log in"]</arg>
<tag>PageContent</tag>
<tag>Setter</tag>
<doc>Simulates mouse click on the element found by ``selector``.</doc>
<status status="PASS" starttime="20210625 10:41:57.221" endtime="20210625 10:41:57.905"/>
</kw>
<kw name="Wait For Elements State" library="Browser">
<arg>css=a[href$=sign_out]</arg>
<arg>visible</arg>
<arg>5</arg>
<tag>PageContent</tag>
<tag>Wait</tag>
<doc>Waits for the element found by ``selector`` to satisfy state option.</doc>
<msg timestamp="20210625 10:41:58.359" level="INFO">Wait for Element with selector: css=a[href$=sign_out]</msg>
<status status="PASS" starttime="20210625 10:41:57.906" endtime="20210625 10:41:58.360"/>
</kw>
<kw name="Take Screenshot" library="Browser" type="TEARDOWN">
<tag>PageContent</tag>
<doc>Takes a screenshot of the current window and saves it.</doc>
<msg timestamp="20210625 10:41:58.518" level="INFO" html="true">&lt;/td&gt;&lt;/tr&gt;&lt;tr&gt;&lt;td colspan="3"&gt;&lt;a href="browser/screenshot/robotframework-browser-screenshot-1.png"&gt;&lt;img src="browser/screenshot/robotframework-browser-screenshot-1.png" width="800px"&gt;&lt;/a&gt;</msg>
<status status="PASS" starttime="20210625 10:41:58.361" endtime="20210625 10:41:58.518"/>
</kw>
<status status="PASS" starttime="20210625 10:41:51.395" endtime="20210625 10:41:58.519"/>
</test>
<test id="s1-t2" name="Login com senha incorreta">
<kw name="Open Browser" library="Browser">
<arg>${PAGINA}</arg>
<arg>${BROWSER}</arg>
<tag>BrowserControl</tag>
<tag>Setter</tag>
<doc>Opens a new browser instance. Use this keyword for quick experiments or debugging sessions.
Use `New Page` directly instead of `Open Browser` for production and automated execution.
See `Browser, Context and Page` for more information about Browser and related concepts.</doc>
<msg timestamp="20210625 10:41:58.610" level="WARN">Open Browser is for quick experimentation and debugging only. Use New Page for production.</msg>
<msg timestamp="20210625 10:41:58.611" level="INFO">{"browser": "chromium", "headless": false, "handleSIGINT": true, "handleSIGTERM": true, "handleSIGHUP": true, "timeout": 30000.0, "devtools": false, "slowMo": 0.0, "tracesDir": "D:\\workspaces\\parodify\\logs\\browser\\traces\\68675987-53d2-411c-bd66-d5f42e27da4b"}</msg>
<msg timestamp="20210625 10:41:59.520" level="INFO">Successfully created browser with options: {"browser":"chromium","headless":false,"handleSIGINT":true,"handleSIGTERM":true,"handleSIGHUP":true,"timeout":30000,"devtools":false,"slowMo":0,"tracesDir":"D:\\workspaces\\parodify\\logs\\browser\\traces\\68675987-53d2-411c-bd66-d5f42e27da4b"}</msg>
<msg timestamp="20210625 10:41:59.521" level="INFO">{"acceptDownloads": false, "ignoreHTTPSErrors": false, "bypassCSP": false, "deviceScaleFactor": 1.0, "isMobile": false, "hasTouch": false, "javaScriptEnabled": true, "offline": false, "hideRfBrowser": false}</msg>
<msg timestamp="20210625 10:41:59.528" level="INFO">Successfully created context. </msg>
<msg timestamp="20210625 10:41:59.528" level="INFO">{'acceptDownloads': False, 'ignoreHTTPSErrors': False, 'bypassCSP': False, 'deviceScaleFactor': 1, 'isMobile': False, 'hasTouch': False, 'javaScriptEnabled': True, 'offline': False, 'hideRfBrowser': False}</msg>
<msg timestamp="20210625 10:42:03.831" level="INFO">Successfully initialized new page object and opened url: https://parodify.herokuapp.com/users/sign_in</msg>
<msg timestamp="20210625 10:42:03.831" level="INFO">{"acceptDownloads":false,"ignoreHTTPSErrors":false,"bypassCSP":false,"deviceScaleFactor":1,"isMobile":false,"hasTouch":false,"javaScriptEnabled":true,"offline":false,"hideRfBrowser":false}</msg>
<status status="PASS" starttime="20210625 10:41:58.609" endtime="20210625 10:42:03.831"/>
</kw>
<kw name="Fill Text" library="Browser">
<arg>id=user_email</arg>
<arg>${EMAIL}</arg>
<tag>PageContent</tag>
<tag>Setter</tag>
<doc>Clears and fills the given ``text`` into the text field found by ``selector``.</doc>
<msg timestamp="20210625 10:42:03.832" level="INFO">Fills the text 'papito@parodify.com' in the given field.</msg>
<status status="PASS" starttime="20210625 10:42:03.832" endtime="20210625 10:42:03.888"/>
</kw>
<kw name="Fill Text" library="Browser">
<arg>id=user_password</arg>
<arg>${SENHA_RUIM}</arg>
<tag>PageContent</tag>
<tag>Setter</tag>
<doc>Clears and fills the given ``text`` into the text field found by ``selector``.</doc>
<msg timestamp="20210625 10:42:03.889" level="INFO">Fills the text '123456' in the given field.</msg>
<status status="PASS" starttime="20210625 10:42:03.888" endtime="20210625 10:42:03.915"/>
</kw>
<kw name="Click" library="Browser">
<arg>css=input[value="Log in"]</arg>
<tag>PageContent</tag>
<tag>Setter</tag>
<doc>Simulates mouse click on the element found by ``selector``.</doc>
<status status="PASS" starttime="20210625 10:42:03.916" endtime="20210625 10:42:04.439"/>
</kw>
<kw name="Get Text" library="Browser">
<arg>css=.is-danger .message-body</arg>
<arg>should be</arg>
<arg>${MENSAGEM_ERRO}</arg>
<arg>5</arg>
<tag>Assertion</tag>
<tag>Getter</tag>
<tag>PageContent</tag>
<doc>Returns text attribute of the element found by ``selector``.
See the `Finding elements` section for details about the selectors.</doc>
<status status="PASS" starttime="20210625 10:42:04.440" endtime="20210625 10:42:04.657"/>
</kw>
<kw name="Take Screenshot" library="Browser" type="TEARDOWN">
<tag>PageContent</tag>
<doc>Takes a screenshot of the current window and saves it.</doc>
<msg timestamp="20210625 10:42:04.960" level="INFO" html="true">&lt;/td&gt;&lt;/tr&gt;&lt;tr&gt;&lt;td colspan="3"&gt;&lt;a href="browser/screenshot/robotframework-browser-screenshot-2.png"&gt;&lt;img src="browser/screenshot/robotframework-browser-screenshot-2.png" width="800px"&gt;&lt;/a&gt;</msg>
<status status="PASS" starttime="20210625 10:42:04.658" endtime="20210625 10:42:04.960"/>
</kw>
<status status="PASS" starttime="20210625 10:41:58.605" endtime="20210625 10:42:04.961"/>
</test>
<test id="s1-t3" name="Login com e-mail incorreto">
<kw name="Open Browser" library="Browser">
<arg>${PAGINA}</arg>
<arg>${BROWSER}</arg>
<tag>BrowserControl</tag>
<tag>Setter</tag>
<doc>Opens a new browser instance. Use this keyword for quick experiments or debugging sessions.
Use `New Page` directly instead of `Open Browser` for production and automated execution.
See `Browser, Context and Page` for more information about Browser and related concepts.</doc>
<msg timestamp="20210625 10:42:05.040" level="WARN">Open Browser is for quick experimentation and debugging only. Use New Page for production.</msg>
<msg timestamp="20210625 10:42:05.042" level="INFO">{"browser": "chromium", "headless": false, "handleSIGINT": true, "handleSIGTERM": true, "handleSIGHUP": true, "timeout": 30000.0, "devtools": false, "slowMo": 0.0, "tracesDir": "D:\\workspaces\\parodify\\logs\\browser\\traces\\a7eb7227-3201-4b1a-9595-df22e856b846"}</msg>
<msg timestamp="20210625 10:42:07.242" level="INFO">Successfully created browser with options: {"browser":"chromium","headless":false,"handleSIGINT":true,"handleSIGTERM":true,"handleSIGHUP":true,"timeout":30000,"devtools":false,"slowMo":0,"tracesDir":"D:\\workspaces\\parodify\\logs\\browser\\traces\\a7eb7227-3201-4b1a-9595-df22e856b846"}</msg>
<msg timestamp="20210625 10:42:07.242" level="INFO">{"acceptDownloads": false, "ignoreHTTPSErrors": false, "bypassCSP": false, "deviceScaleFactor": 1.0, "isMobile": false, "hasTouch": false, "javaScriptEnabled": true, "offline": false, "hideRfBrowser": false}</msg>
<msg timestamp="20210625 10:42:07.253" level="INFO">Successfully created context. </msg>
<msg timestamp="20210625 10:42:07.253" level="INFO">{'acceptDownloads': False, 'ignoreHTTPSErrors': False, 'bypassCSP': False, 'deviceScaleFactor': 1, 'isMobile': False, 'hasTouch': False, 'javaScriptEnabled': True, 'offline': False, 'hideRfBrowser': False}</msg>
<msg timestamp="20210625 10:42:11.224" level="INFO">Successfully initialized new page object and opened url: https://parodify.herokuapp.com/users/sign_in</msg>
<msg timestamp="20210625 10:42:11.225" level="INFO">{"acceptDownloads":false,"ignoreHTTPSErrors":false,"bypassCSP":false,"deviceScaleFactor":1,"isMobile":false,"hasTouch":false,"javaScriptEnabled":true,"offline":false,"hideRfBrowser":false}</msg>
<status status="PASS" starttime="20210625 10:42:05.038" endtime="20210625 10:42:11.225"/>
</kw>
<kw name="Fill Text" library="Browser">
<arg>id=user_email</arg>
<arg>${EMAIL_ERRO}</arg>
<tag>PageContent</tag>
<tag>Setter</tag>
<doc>Clears and fills the given ``text`` into the text field found by ``selector``.</doc>
<msg timestamp="20210625 10:42:11.227" level="INFO">Fills the text 'rafaella@parodify.com' in the given field.</msg>
<status status="PASS" starttime="20210625 10:42:11.226" endtime="20210625 10:42:11.275"/>
</kw>
<kw name="Fill Text" library="Browser">
<arg>id=user_password</arg>
<arg>${SENHA_BOA}</arg>
<tag>PageContent</tag>
<tag>Setter</tag>
<doc>Clears and fills the given ``text`` into the text field found by ``selector``.</doc>
<msg timestamp="20210625 10:42:11.278" level="INFO">Fills the text 'pwd123' in the given field.</msg>
<status status="PASS" starttime="20210625 10:42:11.277" endtime="20210625 10:42:11.293"/>
</kw>
<kw name="Click" library="Browser">
<arg>css=input[value="Log in"]</arg>
<tag>PageContent</tag>
<tag>Setter</tag>
<doc>Simulates mouse click on the element found by ``selector``.</doc>
<status status="PASS" starttime="20210625 10:42:11.294" endtime="20210625 10:42:11.672"/>
</kw>
<kw name="Get Text" library="Browser">
<arg>css=.is-danger .message-body</arg>
<arg>should be</arg>
<arg>${MENSAGEM_ERRO}</arg>
<arg>5</arg>
<tag>Assertion</tag>
<tag>Getter</tag>
<tag>PageContent</tag>
<doc>Returns text attribute of the element found by ``selector``.
See the `Finding elements` section for details about the selectors.</doc>
<status status="PASS" starttime="20210625 10:42:11.672" endtime="20210625 10:42:11.916"/>
</kw>
<kw name="Take Screenshot" library="Browser" type="TEARDOWN">
<tag>PageContent</tag>
<doc>Takes a screenshot of the current window and saves it.</doc>
<msg timestamp="20210625 10:42:12.178" level="INFO" html="true">&lt;/td&gt;&lt;/tr&gt;&lt;tr&gt;&lt;td colspan="3"&gt;&lt;a href="browser/screenshot/robotframework-browser-screenshot-3.png"&gt;&lt;img src="browser/screenshot/robotframework-browser-screenshot-3.png" width="800px"&gt;&lt;/a&gt;</msg>
<status status="PASS" starttime="20210625 10:42:11.916" endtime="20210625 10:42:12.179"/>
</kw>
<status status="PASS" starttime="20210625 10:42:05.024" endtime="20210625 10:42:12.179"/>
</test>
<test id="s1-t4" name="Login com senha nao informada">
<kw name="Open Browser" library="Browser">
<arg>${PAGINA}</arg>
<arg>${BROWSER}</arg>
<tag>BrowserControl</tag>
<tag>Setter</tag>
<doc>Opens a new browser instance. Use this keyword for quick experiments or debugging sessions.
Use `New Page` directly instead of `Open Browser` for production and automated execution.
See `Browser, Context and Page` for more information about Browser and related concepts.</doc>
<msg timestamp="20210625 10:42:12.280" level="WARN">Open Browser is for quick experimentation and debugging only. Use New Page for production.</msg>
<msg timestamp="20210625 10:42:12.288" level="INFO">{"browser": "chromium", "headless": false, "handleSIGINT": true, "handleSIGTERM": true, "handleSIGHUP": true, "timeout": 30000.0, "devtools": false, "slowMo": 0.0, "tracesDir": "D:\\workspaces\\parodify\\logs\\browser\\traces\\80ad0ecc-9fc3-4852-8171-1781369e1514"}</msg>
<msg timestamp="20210625 10:42:13.268" level="INFO">Successfully created browser with options: {"browser":"chromium","headless":false,"handleSIGINT":true,"handleSIGTERM":true,"handleSIGHUP":true,"timeout":30000,"devtools":false,"slowMo":0,"tracesDir":"D:\\workspaces\\parodify\\logs\\browser\\traces\\80ad0ecc-9fc3-4852-8171-1781369e1514"}</msg>
<msg timestamp="20210625 10:42:13.269" level="INFO">{"acceptDownloads": false, "ignoreHTTPSErrors": false, "bypassCSP": false, "deviceScaleFactor": 1.0, "isMobile": false, "hasTouch": false, "javaScriptEnabled": true, "offline": false, "hideRfBrowser": false}</msg>
<msg timestamp="20210625 10:42:13.276" level="INFO">Successfully created context. </msg>
<msg timestamp="20210625 10:42:13.276" level="INFO">{'acceptDownloads': False, 'ignoreHTTPSErrors': False, 'bypassCSP': False, 'deviceScaleFactor': 1, 'isMobile': False, 'hasTouch': False, 'javaScriptEnabled': True, 'offline': False, 'hideRfBrowser': False}</msg>
<msg timestamp="20210625 10:42:16.583" level="INFO">Successfully initialized new page object and opened url: https://parodify.herokuapp.com/users/sign_in</msg>
<msg timestamp="20210625 10:42:16.583" level="INFO">{"acceptDownloads":false,"ignoreHTTPSErrors":false,"bypassCSP":false,"deviceScaleFactor":1,"isMobile":false,"hasTouch":false,"javaScriptEnabled":true,"offline":false,"hideRfBrowser":false}</msg>
<status status="PASS" starttime="20210625 10:42:12.279" endtime="20210625 10:42:16.584"/>
</kw>
<kw name="Fill Text" library="Browser">
<arg>id=user_email</arg>
<arg>${EMAIL}</arg>
<tag>PageContent</tag>
<tag>Setter</tag>
<doc>Clears and fills the given ``text`` into the text field found by ``selector``.</doc>
<msg timestamp="20210625 10:42:16.585" level="INFO">Fills the text 'papito@parodify.com' in the given field.</msg>
<status status="PASS" starttime="20210625 10:42:16.584" endtime="20210625 10:42:16.634"/>
</kw>
<kw name="Fill Text" library="Browser">
<arg>id=user_password</arg>
<arg>${EMPTY}</arg>
<tag>PageContent</tag>
<tag>Setter</tag>
<doc>Clears and fills the given ``text`` into the text field found by ``selector``.</doc>
<msg timestamp="20210625 10:42:16.635" level="INFO">Fills the text '' in the given field.</msg>
<status status="PASS" starttime="20210625 10:42:16.634" endtime="20210625 10:42:16.656"/>
</kw>
<kw name="Click" library="Browser">
<arg>css=input[value="Log in"]</arg>
<tag>PageContent</tag>
<tag>Setter</tag>
<doc>Simulates mouse click on the element found by ``selector``.</doc>
<status status="PASS" starttime="20210625 10:42:16.657" endtime="20210625 10:42:16.921"/>
</kw>
<kw name="Get Text" library="Browser">
<arg>css=.is-danger .message-body</arg>
<arg>should be</arg>
<arg>${MENSAGEM_ERRO}</arg>
<arg>5</arg>
<tag>Assertion</tag>
<tag>Getter</tag>
<tag>PageContent</tag>
<doc>Returns text attribute of the element found by ``selector``.
See the `Finding elements` section for details about the selectors.</doc>
<status status="PASS" starttime="20210625 10:42:16.921" endtime="20210625 10:42:17.147"/>
</kw>
<kw name="Take Screenshot" library="Browser" type="TEARDOWN">
<tag>PageContent</tag>
<doc>Takes a screenshot of the current window and saves it.</doc>
<msg timestamp="20210625 10:42:17.390" level="INFO" html="true">&lt;/td&gt;&lt;/tr&gt;&lt;tr&gt;&lt;td colspan="3"&gt;&lt;a href="browser/screenshot/robotframework-browser-screenshot-4.png"&gt;&lt;img src="browser/screenshot/robotframework-browser-screenshot-4.png" width="800px"&gt;&lt;/a&gt;</msg>
<status status="PASS" starttime="20210625 10:42:17.147" endtime="20210625 10:42:17.390"/>
</kw>
<status status="PASS" starttime="20210625 10:42:12.277" endtime="20210625 10:42:17.390"/>
</test>
<test id="s1-t5" name="Login com e-mail e senha nao informada">
<kw name="Open Browser" library="Browser">
<arg>${PAGINA}</arg>
<arg>${BROWSER}</arg>
<tag>BrowserControl</tag>
<tag>Setter</tag>
<doc>Opens a new browser instance. Use this keyword for quick experiments or debugging sessions.
Use `New Page` directly instead of `Open Browser` for production and automated execution.
See `Browser, Context and Page` for more information about Browser and related concepts.</doc>
<msg timestamp="20210625 10:42:17.458" level="WARN">Open Browser is for quick experimentation and debugging only. Use New Page for production.</msg>
<msg timestamp="20210625 10:42:17.463" level="INFO">{"browser": "chromium", "headless": false, "handleSIGINT": true, "handleSIGTERM": true, "handleSIGHUP": true, "timeout": 30000.0, "devtools": false, "slowMo": 0.0, "tracesDir": "D:\\workspaces\\parodify\\logs\\browser\\traces\\fb638acf-5173-464a-9fc8-c2b7d9f44c12"}</msg>
<msg timestamp="20210625 10:42:18.712" level="INFO">Successfully created browser with options: {"browser":"chromium","headless":false,"handleSIGINT":true,"handleSIGTERM":true,"handleSIGHUP":true,"timeout":30000,"devtools":false,"slowMo":0,"tracesDir":"D:\\workspaces\\parodify\\logs\\browser\\traces\\fb638acf-5173-464a-9fc8-c2b7d9f44c12"}</msg>
<msg timestamp="20210625 10:42:18.712" level="INFO">{"acceptDownloads": false, "ignoreHTTPSErrors": false, "bypassCSP": false, "deviceScaleFactor": 1.0, "isMobile": false, "hasTouch": false, "javaScriptEnabled": true, "offline": false, "hideRfBrowser": false}</msg>
<msg timestamp="20210625 10:42:18.720" level="INFO">Successfully created context. </msg>
<msg timestamp="20210625 10:42:18.720" level="INFO">{'acceptDownloads': False, 'ignoreHTTPSErrors': False, 'bypassCSP': False, 'deviceScaleFactor': 1, 'isMobile': False, 'hasTouch': False, 'javaScriptEnabled': True, 'offline': False, 'hideRfBrowser': False}</msg>
<msg timestamp="20210625 10:42:23.248" level="INFO">Successfully initialized new page object and opened url: https://parodify.herokuapp.com/users/sign_in</msg>
<msg timestamp="20210625 10:42:23.248" level="INFO">{"acceptDownloads":false,"ignoreHTTPSErrors":false,"bypassCSP":false,"deviceScaleFactor":1,"isMobile":false,"hasTouch":false,"javaScriptEnabled":true,"offline":false,"hideRfBrowser":false}</msg>
<status status="PASS" starttime="20210625 10:42:17.457" endtime="20210625 10:42:23.248"/>
</kw>
<kw name="Fill Text" library="Browser">
<arg>id=user_email</arg>
<arg>${EMPTY}</arg>
<tag>PageContent</tag>
<tag>Setter</tag>
<doc>Clears and fills the given ``text`` into the text field found by ``selector``.</doc>
<msg timestamp="20210625 10:42:23.250" level="INFO">Fills the text '' in the given field.</msg>
<status status="PASS" starttime="20210625 10:42:23.249" endtime="20210625 10:42:23.299"/>
</kw>
<kw name="Fill Text" library="Browser">
<arg>id=user_password</arg>
<arg>${EMPTY}</arg>
<tag>PageContent</tag>
<tag>Setter</tag>
<doc>Clears and fills the given ``text`` into the text field found by ``selector``.</doc>
<msg timestamp="20210625 10:42:23.300" level="INFO">Fills the text '' in the given field.</msg>
<status status="PASS" starttime="20210625 10:42:23.300" endtime="20210625 10:42:23.318"/>
</kw>
<kw name="Click" library="Browser">
<arg>css=input[value="Log in"]</arg>
<tag>PageContent</tag>
<tag>Setter</tag>
<doc>Simulates mouse click on the element found by ``selector``.</doc>
<status status="PASS" starttime="20210625 10:42:23.319" endtime="20210625 10:42:23.579"/>
</kw>
<kw name="Get Text" library="Browser">
<arg>css=.is-danger .message-body</arg>
<arg>should be</arg>
<arg>${MENSAGEM_ERRO}</arg>
<arg>5</arg>
<tag>Assertion</tag>
<tag>Getter</tag>
<tag>PageContent</tag>
<doc>Returns text attribute of the element found by ``selector``.
See the `Finding elements` section for details about the selectors.</doc>
<status status="PASS" starttime="20210625 10:42:23.579" endtime="20210625 10:42:23.809"/>
</kw>
<kw name="Take Screenshot" library="Browser" type="TEARDOWN">
<tag>PageContent</tag>
<doc>Takes a screenshot of the current window and saves it.</doc>
<msg timestamp="20210625 10:42:24.054" level="INFO" html="true">&lt;/td&gt;&lt;/tr&gt;&lt;tr&gt;&lt;td colspan="3"&gt;&lt;a href="browser/screenshot/robotframework-browser-screenshot-5.png"&gt;&lt;img src="browser/screenshot/robotframework-browser-screenshot-5.png" width="800px"&gt;&lt;/a&gt;</msg>
<status status="PASS" starttime="20210625 10:42:23.810" endtime="20210625 10:42:24.054"/>
</kw>
<status status="PASS" starttime="20210625 10:42:17.452" endtime="20210625 10:42:24.054"/>
</test>
<doc>Testes da página login do parodify</doc>
<status status="PASS" starttime="20210625 10:41:49.521" endtime="20210625 10:42:24.116"/>
</suite>
<statistics>
<total>
<stat pass="5" fail="0" skip="0">All Tests</stat>
</total>
<tag>
</tag>
<suite>
<stat pass="5" fail="0" skip="0" id="s1" name="Login">Login</stat>
</suite>
</statistics>
<errors>
<msg timestamp="20210625 10:41:51.397" level="WARN">Open Browser is for quick experimentation and debugging only. Use New Page for production.</msg>
<msg timestamp="20210625 10:41:58.610" level="WARN">Open Browser is for quick experimentation and debugging only. Use New Page for production.</msg>
<msg timestamp="20210625 10:42:05.040" level="WARN">Open Browser is for quick experimentation and debugging only. Use New Page for production.</msg>
<msg timestamp="20210625 10:42:12.280" level="WARN">Open Browser is for quick experimentation and debugging only. Use New Page for production.</msg>
<msg timestamp="20210625 10:42:17.458" level="WARN">Open Browser is for quick experimentation and debugging only. Use New Page for production.</msg>
</errors>
</robot>
