<?xml version="1.0" encoding="UTF-8"?>
<robot generator="Robot 4.1.3 (Python 3.9.5 on win32)" generated="20220304 20:16:10.024" rpa="false" schemaversion="2">
<suite id="s1" name="Login Form" source="D:\workspaces\qaninja\robot\web\tests\login_form.robot">
<test id="s1-t1" name="Login com sucesso">
<kw name="Nova sessão" library="base" type="SETUP">
<kw name="Open Browser" library="SeleniumLibrary">
<arg>${url}</arg>
<arg>chrome</arg>
<doc>Opens a new browser instance to the optional ``url``.</doc>
<msg timestamp="20220304 20:16:10.283" level="INFO">Opening browser 'chrome' to base url 'https://training-wheels-protocol.herokuapp.com'.</msg>
<status status="PASS" starttime="20220304 20:16:10.283" endtime="20220304 20:16:15.470"/>
</kw>
<status status="PASS" starttime="20220304 20:16:10.282" endtime="20220304 20:16:15.470"/>
</kw>
<kw name="Go To" library="SeleniumLibrary">
<arg>${url}/login</arg>
<doc>Navigates the current browser window to the provided ``url``.</doc>
<msg timestamp="20220304 20:16:15.471" level="INFO">Opening url 'https://training-wheels-protocol.herokuapp.com/login'</msg>
<status status="PASS" starttime="20220304 20:16:15.471" endtime="20220304 20:16:15.874"/>
</kw>
<kw name="Input Text" library="SeleniumLibrary">
<arg>css:input[name=username]</arg>
<arg>stark</arg>
<doc>Types the given ``text`` into the text field identified by ``locator``.</doc>
<msg timestamp="20220304 20:16:15.875" level="INFO">Typing text 'stark' into text field 'css:input[name=username]'.</msg>
<status status="PASS" starttime="20220304 20:16:15.874" endtime="20220304 20:16:15.990"/>
</kw>
<kw name="Input Text" library="SeleniumLibrary">
<arg>css:input[name=password]</arg>
<arg>jarvis!</arg>
<doc>Types the given ``text`` into the text field identified by ``locator``.</doc>
<msg timestamp="20220304 20:16:15.992" level="INFO">Typing text 'jarvis!' into text field 'css:input[name=password]'.</msg>
<status status="PASS" starttime="20220304 20:16:15.991" endtime="20220304 20:16:16.099"/>
</kw>
<kw name="Click Element" library="SeleniumLibrary">
<arg>class:btn-login</arg>
<doc>Click the element identified by ``locator``.</doc>
<msg timestamp="20220304 20:16:16.100" level="INFO">Clicking element 'class:btn-login'.</msg>
<status status="PASS" starttime="20220304 20:16:16.100" endtime="20220304 20:16:16.620"/>
</kw>
<kw name="Page Should Contain" library="SeleniumLibrary">
<arg>Olá, Tony Stark. Você acessou a área logada!</arg>
<doc>Verifies that current page contains ``text``.</doc>
<msg timestamp="20220304 20:16:16.645" level="INFO">Current page contains text 'Olá, Tony Stark. Você acessou a área logada!'.</msg>
<status status="PASS" starttime="20220304 20:16:16.621" endtime="20220304 20:16:16.645"/>
</kw>
<kw name="Encerra sessão" library="base" type="TEARDOWN">
<kw name="Capture Page Screenshot" library="SeleniumLibrary">
<doc>Takes a screenshot of the current page and embeds it into a log file.</doc>
<msg timestamp="20220304 20:16:16.843" level="INFO" html="true">&lt;/td&gt;&lt;/tr&gt;&lt;tr&gt;&lt;td colspan="3"&gt;&lt;a href="selenium-screenshot-50.png"&gt;&lt;img src="selenium-screenshot-50.png" width="800px"&gt;&lt;/a&gt;</msg>
<status status="PASS" starttime="20220304 20:16:16.647" endtime="20220304 20:16:16.844"/>
</kw>
<kw name="Close Browser" library="SeleniumLibrary">
<doc>Closes the current browser.</doc>
<status status="PASS" starttime="20220304 20:16:16.844" endtime="20220304 20:16:19.080"/>
</kw>
<status status="PASS" starttime="20220304 20:16:16.646" endtime="20220304 20:16:19.082"/>
</kw>
<status status="PASS" starttime="20220304 20:16:10.281" endtime="20220304 20:16:19.083"/>
</test>
<test id="s1-t2" name="Senha inválida">
<kw name="Nova sessão" library="base" type="SETUP">
<kw name="Open Browser" library="SeleniumLibrary">
<arg>${url}</arg>
<arg>chrome</arg>
<doc>Opens a new browser instance to the optional ``url``.</doc>
<msg timestamp="20220304 20:16:19.092" level="INFO">Opening browser 'chrome' to base url 'https://training-wheels-protocol.herokuapp.com'.</msg>
<status status="PASS" starttime="20220304 20:16:19.092" endtime="20220304 20:16:23.921"/>
</kw>
<status status="PASS" starttime="20220304 20:16:19.091" endtime="20220304 20:16:23.921"/>
</kw>
<kw name="Go To" library="SeleniumLibrary">
<arg>${url}/login</arg>
<doc>Navigates the current browser window to the provided ``url``.</doc>
<msg timestamp="20220304 20:16:23.924" level="INFO">Opening url 'https://training-wheels-protocol.herokuapp.com/login'</msg>
<status status="PASS" starttime="20220304 20:16:23.923" endtime="20220304 20:16:24.271"/>
</kw>
<kw name="Input Text" library="SeleniumLibrary">
<arg>css:input[name=username]</arg>
<arg>stark</arg>
<doc>Types the given ``text`` into the text field identified by ``locator``.</doc>
<msg timestamp="20220304 20:16:24.272" level="INFO">Typing text 'stark' into text field 'css:input[name=username]'.</msg>
<status status="PASS" starttime="20220304 20:16:24.271" endtime="20220304 20:16:24.372"/>
</kw>
<kw name="Input Text" library="SeleniumLibrary">
<arg>css:input[name=password]</arg>
<arg>abc1235</arg>
<doc>Types the given ``text`` into the text field identified by ``locator``.</doc>
<msg timestamp="20220304 20:16:24.373" level="INFO">Typing text 'abc1235' into text field 'css:input[name=password]'.</msg>
<status status="PASS" starttime="20220304 20:16:24.372" endtime="20220304 20:16:24.463"/>
</kw>
<kw name="Click Element" library="SeleniumLibrary">
<arg>class:btn-login</arg>
<doc>Click the element identified by ``locator``.</doc>
<msg timestamp="20220304 20:16:24.464" level="INFO">Clicking element 'class:btn-login'.</msg>
<status status="PASS" starttime="20220304 20:16:24.464" endtime="20220304 20:16:25.024"/>
</kw>
<kw name="Get WebElement" library="SeleniumLibrary">
<var>${message}</var>
<arg>id:flash</arg>
<doc>Returns the first WebElement matching the given ``locator``.</doc>
<msg timestamp="20220304 20:16:25.040" level="INFO">${message} = &lt;selenium.webdriver.remote.webelement.WebElement (session="dfa51e0fe530e816210084a92d62c6ca", element="a1abf4d0-c0f6-419d-ba93-e335e70cf7c1")&gt;</msg>
<status status="PASS" starttime="20220304 20:16:25.026" endtime="20220304 20:16:25.040"/>
</kw>
<kw name="Should Contain" library="BuiltIn">
<arg>${message.text}</arg>
<arg>Senha é invalida!</arg>
<doc>Fails if ``container`` does not contain ``item`` one or more times.</doc>
<status status="PASS" starttime="20220304 20:16:25.041" endtime="20220304 20:16:25.058"/>
</kw>
<kw name="Encerra sessão" library="base" type="TEARDOWN">
<kw name="Capture Page Screenshot" library="SeleniumLibrary">
<doc>Takes a screenshot of the current page and embeds it into a log file.</doc>
<msg timestamp="20220304 20:16:25.311" level="INFO" html="true">&lt;/td&gt;&lt;/tr&gt;&lt;tr&gt;&lt;td colspan="3"&gt;&lt;a href="selenium-screenshot-51.png"&gt;&lt;img src="selenium-screenshot-51.png" width="800px"&gt;&lt;/a&gt;</msg>
<status status="PASS" starttime="20220304 20:16:25.060" endtime="20220304 20:16:25.311"/>
</kw>
<kw name="Close Browser" library="SeleniumLibrary">
<doc>Closes the current browser.</doc>
<status status="PASS" starttime="20220304 20:16:25.311" endtime="20220304 20:16:27.521"/>
</kw>
<status status="PASS" starttime="20220304 20:16:25.059" endtime="20220304 20:16:27.521"/>
</kw>
<tag>login_error</tag>
<status status="PASS" starttime="20220304 20:16:19.089" endtime="20220304 20:16:27.522"/>
</test>
<test id="s1-t3" name="Usuário não existe">
<kw name="Nova sessão" library="base" type="SETUP">
<kw name="Open Browser" library="SeleniumLibrary">
<arg>${url}</arg>
<arg>chrome</arg>
<doc>Opens a new browser instance to the optional ``url``.</doc>
<msg timestamp="20220304 20:16:27.533" level="INFO">Opening browser 'chrome' to base url 'https://training-wheels-protocol.herokuapp.com'.</msg>
<status status="PASS" starttime="20220304 20:16:27.533" endtime="20220304 20:16:32.351"/>
</kw>
<status status="PASS" starttime="20220304 20:16:27.533" endtime="20220304 20:16:32.351"/>
</kw>
<kw name="Go To" library="SeleniumLibrary">
<arg>${url}/login</arg>
<doc>Navigates the current browser window to the provided ``url``.</doc>
<msg timestamp="20220304 20:16:32.356" level="INFO">Opening url 'https://training-wheels-protocol.herokuapp.com/login'</msg>
<status status="PASS" starttime="20220304 20:16:32.354" endtime="20220304 20:16:33.096"/>
</kw>
<kw name="Input Text" library="SeleniumLibrary">
<arg>css:input[name=username]</arg>
<arg>Rafaella</arg>
<doc>Types the given ``text`` into the text field identified by ``locator``.</doc>
<msg timestamp="20220304 20:16:33.097" level="INFO">Typing text 'Rafaella' into text field 'css:input[name=username]'.</msg>
<status status="PASS" starttime="20220304 20:16:33.097" endtime="20220304 20:16:33.246"/>
</kw>
<kw name="Input Text" library="SeleniumLibrary">
<arg>css:input[name=password]</arg>
<arg>axwc1235</arg>
<doc>Types the given ``text`` into the text field identified by ``locator``.</doc>
<msg timestamp="20220304 20:16:33.247" level="INFO">Typing text 'axwc1235' into text field 'css:input[name=password]'.</msg>
<status status="PASS" starttime="20220304 20:16:33.247" endtime="20220304 20:16:33.332"/>
</kw>
<kw name="Click Element" library="SeleniumLibrary">
<arg>class:btn-login</arg>
<doc>Click the element identified by ``locator``.</doc>
<msg timestamp="20220304 20:16:33.333" level="INFO">Clicking element 'class:btn-login'.</msg>
<status status="PASS" starttime="20220304 20:16:33.332" endtime="20220304 20:16:33.790"/>
</kw>
<kw name="Get WebElement" library="SeleniumLibrary">
<var>${message}</var>
<arg>id:flash</arg>
<doc>Returns the first WebElement matching the given ``locator``.</doc>
<msg timestamp="20220304 20:16:33.809" level="INFO">${message} = &lt;selenium.webdriver.remote.webelement.WebElement (session="f26db6aa94a080be58e7b9aebb93b50a", element="209bb1a9-df54-4e30-a04c-af4a768fa188")&gt;</msg>
<status status="PASS" starttime="20220304 20:16:33.791" endtime="20220304 20:16:33.809"/>
</kw>
<kw name="Should Contain" library="BuiltIn">
<arg>${message.text}</arg>
<arg>O usuário informado não está cadastrado!</arg>
<doc>Fails if ``container`` does not contain ``item`` one or more times.</doc>
<status status="PASS" starttime="20220304 20:16:33.810" endtime="20220304 20:16:33.828"/>
</kw>
<kw name="Encerra sessão" library="base" type="TEARDOWN">
<kw name="Capture Page Screenshot" library="SeleniumLibrary">
<doc>Takes a screenshot of the current page and embeds it into a log file.</doc>
<msg timestamp="20220304 20:16:34.109" level="INFO" html="true">&lt;/td&gt;&lt;/tr&gt;&lt;tr&gt;&lt;td colspan="3"&gt;&lt;a href="selenium-screenshot-52.png"&gt;&lt;img src="selenium-screenshot-52.png" width="800px"&gt;&lt;/a&gt;</msg>
<status status="PASS" starttime="20220304 20:16:33.830" endtime="20220304 20:16:34.109"/>
</kw>
<kw name="Close Browser" library="SeleniumLibrary">
<doc>Closes the current browser.</doc>
<status status="PASS" starttime="20220304 20:16:34.109" endtime="20220304 20:16:36.306"/>
</kw>
<status status="PASS" starttime="20220304 20:16:33.829" endtime="20220304 20:16:36.307"/>
</kw>
<tag>login_user404</tag>
<status status="PASS" starttime="20220304 20:16:27.531" endtime="20220304 20:16:36.308"/>
</test>
<status status="PASS" starttime="20220304 20:16:10.025" endtime="20220304 20:16:36.317"/>
</suite>
<statistics>
<total>
<stat pass="3" fail="0" skip="0">All Tests</stat>
</total>
<tag>
<stat pass="1" fail="0" skip="0">login_error</stat>
<stat pass="1" fail="0" skip="0">login_user404</stat>
</tag>
<suite>
<stat pass="3" fail="0" skip="0" id="s1" name="Login Form">Login Form</stat>
</suite>
</statistics>
<errors>
</errors>
</robot>
