<?xml version="1.0" encoding="UTF-8"?>
<robot generator="Robot 4.0.3 (Python 3.9.5 on win32)" generated="20210806 17:29:40.010" rpa="false" schemaversion="2">
<suite id="s1" name="Login" source="D:\workspaces\parodify\login.robot">
<test id="s1-t1" name="Login com sucesso">
<kw name="Open Browser" library="Browser">
<arg>${PAGINA}</arg>
<arg>${BROWSER}</arg>
<tag>BrowserControl</tag>
<tag>Setter</tag>
<doc>Opens a new browser instance. Use this keyword for quick experiments or debugging sessions.
Use `New Page` directly instead of `Open Browser` for production and automated execution.
See `Browser, Context and Page` for more information about Browser and related concepts.</doc>
<msg timestamp="20210806 17:29:40.837" level="WARN">Open Browser is for quick experimentation and debugging only. Use New Page for production.</msg>
<msg timestamp="20210806 17:29:40.837" level="INFO">{"browser": "chromium", "headless": false, "handleSIGINT": true, "handleSIGTERM": true, "handleSIGHUP": true, "timeout": 30000.0, "devtools": false, "slowMo": 0.0, "tracesDir": "D:\\workspaces\\parodify\\browser\\traces\\745cb5dc-66eb-468c-bf93-4af1b081c0e9"}</msg>
<msg timestamp="20210806 17:29:41.855" level="INFO">Successfully created browser with options: {"browser":"chromium","headless":false,"handleSIGINT":true,"handleSIGTERM":true,"handleSIGHUP":true,"timeout":30000,"devtools":false,"slowMo":0,"tracesDir":"D:\\workspaces\\parodify\\browser\\traces\\745cb5dc-66eb-468c-bf93-4af1b081c0e9"}</msg>
<msg timestamp="20210806 17:29:41.855" level="INFO">{"acceptDownloads": false, "ignoreHTTPSErrors": false, "bypassCSP": false, "deviceScaleFactor": 1.0, "isMobile": false, "hasTouch": false, "javaScriptEnabled": true, "offline": false, "hideRfBrowser": false}</msg>
<msg timestamp="20210806 17:29:41.860" level="INFO">Successfully created context. </msg>
<msg timestamp="20210806 17:29:41.860" level="INFO">{'acceptDownloads': False, 'ignoreHTTPSErrors': False, 'bypassCSP': False, 'deviceScaleFactor': 1, 'isMobile': False, 'hasTouch': False, 'javaScriptEnabled': True, 'offline': False, 'hideRfBrowser': False}</msg>
<msg timestamp="20210806 17:29:44.237" level="INFO">Successfully initialized new page object and opened url: https://parodify.herokuapp.com/users/sign_in</msg>
<msg timestamp="20210806 17:29:44.237" level="INFO">{"acceptDownloads":false,"ignoreHTTPSErrors":false,"bypassCSP":false,"deviceScaleFactor":1,"isMobile":false,"hasTouch":false,"javaScriptEnabled":true,"offline":false,"hideRfBrowser":false}</msg>
<status status="PASS" starttime="20210806 17:29:40.837" endtime="20210806 17:29:44.238"/>
</kw>
<kw name="Fill Text" library="Browser">
<arg>id=user_email</arg>
<arg>${EMAIL}</arg>
<tag>PageContent</tag>
<tag>Setter</tag>
<doc>Clears and fills the given ``text`` into the text field found by ``selector``.</doc>
<msg timestamp="20210806 17:29:44.240" level="INFO">Fills the text 'papito@parodify.com' in the given field.</msg>
<status status="PASS" starttime="20210806 17:29:44.239" endtime="20210806 17:29:44.274"/>
</kw>
<kw name="Fill Text" library="Browser">
<arg>id=user_password</arg>
<arg>${SENHA_BOA}</arg>
<tag>PageContent</tag>
<tag>Setter</tag>
<doc>Clears and fills the given ``text`` into the text field found by ``selector``.</doc>
<msg timestamp="20210806 17:29:44.275" level="INFO">Fills the text 'pwd123' in the given field.</msg>
<status status="PASS" starttime="20210806 17:29:44.274" endtime="20210806 17:29:44.286"/>
</kw>
<kw name="Click" library="Browser">
<arg>css=input[value="Log in"]</arg>
<tag>PageContent</tag>
<tag>Setter</tag>
<doc>Simulates mouse click on the element found by ``selector``.</doc>
<status status="PASS" starttime="20210806 17:29:44.286" endtime="20210806 17:29:44.780"/>
</kw>
<kw name="Wait For Elements State" library="Browser">
<arg>css=a[href$=sign_out]</arg>
<arg>visible</arg>
<arg>5</arg>
<tag>PageContent</tag>
<tag>Wait</tag>
<doc>Waits for the element found by ``selector`` to satisfy state option.</doc>
<msg timestamp="20210806 17:29:45.030" level="INFO">Wait for Element with selector: css=a[href$=sign_out]</msg>
<status status="PASS" starttime="20210806 17:29:44.780" endtime="20210806 17:29:45.031"/>
</kw>
<kw name="Take Screenshot" library="Browser" type="TEARDOWN">
<tag>PageContent</tag>
<doc>Takes a screenshot of the current window and saves it.</doc>
<msg timestamp="20210806 17:29:45.159" level="INFO" html="true">&lt;/td&gt;&lt;/tr&gt;&lt;tr&gt;&lt;td colspan="3"&gt;&lt;a href="browser/screenshot/robotframework-browser-screenshot-1.png"&gt;&lt;img src="browser/screenshot/robotframework-browser-screenshot-1.png" width="800px"&gt;&lt;/a&gt;</msg>
<status status="PASS" starttime="20210806 17:29:45.031" endtime="20210806 17:29:45.160"/>
</kw>
<status status="PASS" starttime="20210806 17:29:40.822" endtime="20210806 17:29:45.161"/>
</test>
<test id="s1-t2" name="Login com senha incorreta">
<kw name="Open Browser" library="Browser">
<arg>${PAGINA}</arg>
<arg>${BROWSER}</arg>
<tag>BrowserControl</tag>
<tag>Setter</tag>
<doc>Opens a new browser instance. Use this keyword for quick experiments or debugging sessions.
Use `New Page` directly instead of `Open Browser` for production and automated execution.
See `Browser, Context and Page` for more information about Browser and related concepts.</doc>
<msg timestamp="20210806 17:29:45.230" level="WARN">Open Browser is for quick experimentation and debugging only. Use New Page for production.</msg>
<msg timestamp="20210806 17:29:45.232" level="INFO">{"browser": "chromium", "headless": false, "handleSIGINT": true, "handleSIGTERM": true, "handleSIGHUP": true, "timeout": 30000.0, "devtools": false, "slowMo": 0.0, "tracesDir": "D:\\workspaces\\parodify\\browser\\traces\\6a677cd1-06aa-4776-9ecb-49115a444d12"}</msg>
<msg timestamp="20210806 17:29:45.920" level="INFO">Successfully created browser with options: {"browser":"chromium","headless":false,"handleSIGINT":true,"handleSIGTERM":true,"handleSIGHUP":true,"timeout":30000,"devtools":false,"slowMo":0,"tracesDir":"D:\\workspaces\\parodify\\browser\\traces\\6a677cd1-06aa-4776-9ecb-49115a444d12"}</msg>
<msg timestamp="20210806 17:29:45.920" level="INFO">{"acceptDownloads": false, "ignoreHTTPSErrors": false, "bypassCSP": false, "deviceScaleFactor": 1.0, "isMobile": false, "hasTouch": false, "javaScriptEnabled": true, "offline": false, "hideRfBrowser": false}</msg>
<msg timestamp="20210806 17:29:45.920" level="INFO">Successfully created context. </msg>
<msg timestamp="20210806 17:29:45.920" level="INFO">{'acceptDownloads': False, 'ignoreHTTPSErrors': False, 'bypassCSP': False, 'deviceScaleFactor': 1, 'isMobile': False, 'hasTouch': False, 'javaScriptEnabled': True, 'offline': False, 'hideRfBrowser': False}</msg>
<msg timestamp="20210806 17:29:48.325" level="INFO">Successfully initialized new page object and opened url: https://parodify.herokuapp.com/users/sign_in</msg>
<msg timestamp="20210806 17:29:48.326" level="INFO">{"acceptDownloads":false,"ignoreHTTPSErrors":false,"bypassCSP":false,"deviceScaleFactor":1,"isMobile":false,"hasTouch":false,"javaScriptEnabled":true,"offline":false,"hideRfBrowser":false}</msg>
<status status="PASS" starttime="20210806 17:29:45.229" endtime="20210806 17:29:48.326"/>
</kw>
<kw name="Fill Text" library="Browser">
<arg>id=user_email</arg>
<arg>${EMAIL}</arg>
<tag>PageContent</tag>
<tag>Setter</tag>
<doc>Clears and fills the given ``text`` into the text field found by ``selector``.</doc>
<msg timestamp="20210806 17:29:48.327" level="INFO">Fills the text 'papito@parodify.com' in the given field.</msg>
<status status="PASS" starttime="20210806 17:29:48.326" endtime="20210806 17:29:48.354"/>
</kw>
<kw name="Fill Text" library="Browser">
<arg>id=user_password</arg>
<arg>${SENHA_RUIM}</arg>
<tag>PageContent</tag>
<tag>Setter</tag>
<doc>Clears and fills the given ``text`` into the text field found by ``selector``.</doc>
<msg timestamp="20210806 17:29:48.355" level="INFO">Fills the text '123456' in the given field.</msg>
<status status="PASS" starttime="20210806 17:29:48.354" endtime="20210806 17:29:48.372"/>
</kw>
<kw name="Click" library="Browser">
<arg>css=input[value="Log in"]</arg>
<tag>PageContent</tag>
<tag>Setter</tag>
<doc>Simulates mouse click on the element found by ``selector``.</doc>
<status status="PASS" starttime="20210806 17:29:48.372" endtime="20210806 17:29:48.845"/>
</kw>
<kw name="Get Text" library="Browser">
<arg>css=.is-danger .message-body</arg>
<arg>should be</arg>
<arg>${MENSAGEM_ERRO}</arg>
<arg>5</arg>
<tag>Assertion</tag>
<tag>Getter</tag>
<tag>PageContent</tag>
<doc>Returns text attribute of the element found by ``selector``.
See the `Finding elements` section for details about the selectors.</doc>
<status status="PASS" starttime="20210806 17:29:48.845" endtime="20210806 17:29:49.167"/>
</kw>
<kw name="Take Screenshot" library="Browser" type="TEARDOWN">
<tag>PageContent</tag>
<doc>Takes a screenshot of the current window and saves it.</doc>
<msg timestamp="20210806 17:29:49.379" level="INFO" html="true">&lt;/td&gt;&lt;/tr&gt;&lt;tr&gt;&lt;td colspan="3"&gt;&lt;a href="browser/screenshot/robotframework-browser-screenshot-2.png"&gt;&lt;img src="browser/screenshot/robotframework-browser-screenshot-2.png" width="800px"&gt;&lt;/a&gt;</msg>
<status status="PASS" starttime="20210806 17:29:49.169" endtime="20210806 17:29:49.379"/>
</kw>
<status status="PASS" starttime="20210806 17:29:45.227" endtime="20210806 17:29:49.379"/>
</test>
<test id="s1-t3" name="Login com e-mail incorreto">
<kw name="Open Browser" library="Browser">
<arg>${PAGINA}</arg>
<arg>${BROWSER}</arg>
<tag>BrowserControl</tag>
<tag>Setter</tag>
<doc>Opens a new browser instance. Use this keyword for quick experiments or debugging sessions.
Use `New Page` directly instead of `Open Browser` for production and automated execution.
See `Browser, Context and Page` for more information about Browser and related concepts.</doc>
<msg timestamp="20210806 17:29:49.435" level="WARN">Open Browser is for quick experimentation and debugging only. Use New Page for production.</msg>
<msg timestamp="20210806 17:29:49.435" level="INFO">{"browser": "chromium", "headless": false, "handleSIGINT": true, "handleSIGTERM": true, "handleSIGHUP": true, "timeout": 30000.0, "devtools": false, "slowMo": 0.0, "tracesDir": "D:\\workspaces\\parodify\\browser\\traces\\711e6253-f5d2-4964-8d73-886570d2b48f"}</msg>
<msg timestamp="20210806 17:29:50.004" level="INFO">Successfully created browser with options: {"browser":"chromium","headless":false,"handleSIGINT":true,"handleSIGTERM":true,"handleSIGHUP":true,"timeout":30000,"devtools":false,"slowMo":0,"tracesDir":"D:\\workspaces\\parodify\\browser\\traces\\711e6253-f5d2-4964-8d73-886570d2b48f"}</msg>
<msg timestamp="20210806 17:29:50.004" level="INFO">{"acceptDownloads": false, "ignoreHTTPSErrors": false, "bypassCSP": false, "deviceScaleFactor": 1.0, "isMobile": false, "hasTouch": false, "javaScriptEnabled": true, "offline": false, "hideRfBrowser": false}</msg>
<msg timestamp="20210806 17:29:50.020" level="INFO">Successfully created context. </msg>
<msg timestamp="20210806 17:29:50.020" level="INFO">{'acceptDownloads': False, 'ignoreHTTPSErrors': False, 'bypassCSP': False, 'deviceScaleFactor': 1, 'isMobile': False, 'hasTouch': False, 'javaScriptEnabled': True, 'offline': False, 'hideRfBrowser': False}</msg>
<msg timestamp="20210806 17:29:52.650" level="INFO">Successfully initialized new page object and opened url: https://parodify.herokuapp.com/users/sign_in</msg>
<msg timestamp="20210806 17:29:52.651" level="INFO">{"acceptDownloads":false,"ignoreHTTPSErrors":false,"bypassCSP":false,"deviceScaleFactor":1,"isMobile":false,"hasTouch":false,"javaScriptEnabled":true,"offline":false,"hideRfBrowser":false}</msg>
<status status="PASS" starttime="20210806 17:29:49.435" endtime="20210806 17:29:52.651"/>
</kw>
<kw name="Fill Text" library="Browser">
<arg>id=user_email</arg>
<arg>${EMAIL_ERRO}</arg>
<tag>PageContent</tag>
<tag>Setter</tag>
<doc>Clears and fills the given ``text`` into the text field found by ``selector``.</doc>
<msg timestamp="20210806 17:29:52.652" level="INFO">Fills the text 'rafaella@parodify.com' in the given field.</msg>
<status status="PASS" starttime="20210806 17:29:52.651" endtime="20210806 17:29:52.682"/>
</kw>
<kw name="Fill Text" library="Browser">
<arg>id=user_password</arg>
<arg>${SENHA_BOA}</arg>
<tag>PageContent</tag>
<tag>Setter</tag>
<doc>Clears and fills the given ``text`` into the text field found by ``selector``.</doc>
<msg timestamp="20210806 17:29:52.684" level="INFO">Fills the text 'pwd123' in the given field.</msg>
<status status="PASS" starttime="20210806 17:29:52.683" endtime="20210806 17:29:52.711"/>
</kw>
<kw name="Click" library="Browser">
<arg>css=input[value="Log in"]</arg>
<tag>PageContent</tag>
<tag>Setter</tag>
<doc>Simulates mouse click on the element found by ``selector``.</doc>
<status status="PASS" starttime="20210806 17:29:52.712" endtime="20210806 17:29:53.118"/>
</kw>
<kw name="Get Text" library="Browser">
<arg>css=.is-danger .message-body</arg>
<arg>should be</arg>
<arg>${MENSAGEM_ERRO}</arg>
<arg>5</arg>
<tag>Assertion</tag>
<tag>Getter</tag>
<tag>PageContent</tag>
<doc>Returns text attribute of the element found by ``selector``.
See the `Finding elements` section for details about the selectors.</doc>
<status status="PASS" starttime="20210806 17:29:53.119" endtime="20210806 17:29:53.414"/>
</kw>
<kw name="Take Screenshot" library="Browser" type="TEARDOWN">
<tag>PageContent</tag>
<doc>Takes a screenshot of the current window and saves it.</doc>
<msg timestamp="20210806 17:29:53.625" level="INFO" html="true">&lt;/td&gt;&lt;/tr&gt;&lt;tr&gt;&lt;td colspan="3"&gt;&lt;a href="browser/screenshot/robotframework-browser-screenshot-3.png"&gt;&lt;img src="browser/screenshot/robotframework-browser-screenshot-3.png" width="800px"&gt;&lt;/a&gt;</msg>
<status status="PASS" starttime="20210806 17:29:53.415" endtime="20210806 17:29:53.625"/>
</kw>
<status status="PASS" starttime="20210806 17:29:49.435" endtime="20210806 17:29:53.625"/>
</test>
<test id="s1-t4" name="Login com senha nao informada">
<kw name="Open Browser" library="Browser">
<arg>${PAGINA}</arg>
<arg>${BROWSER}</arg>
<tag>BrowserControl</tag>
<tag>Setter</tag>
<doc>Opens a new browser instance. Use this keyword for quick experiments or debugging sessions.
Use `New Page` directly instead of `Open Browser` for production and automated execution.
See `Browser, Context and Page` for more information about Browser and related concepts.</doc>
<msg timestamp="20210806 17:29:53.695" level="WARN">Open Browser is for quick experimentation and debugging only. Use New Page for production.</msg>
<msg timestamp="20210806 17:29:53.697" level="INFO">{"browser": "chromium", "headless": false, "handleSIGINT": true, "handleSIGTERM": true, "handleSIGHUP": true, "timeout": 30000.0, "devtools": false, "slowMo": 0.0, "tracesDir": "D:\\workspaces\\parodify\\browser\\traces\\64ffe27d-11cd-4c04-ac52-7c9be40416fd"}</msg>
<msg timestamp="20210806 17:29:54.854" level="INFO">Successfully created browser with options: {"browser":"chromium","headless":false,"handleSIGINT":true,"handleSIGTERM":true,"handleSIGHUP":true,"timeout":30000,"devtools":false,"slowMo":0,"tracesDir":"D:\\workspaces\\parodify\\browser\\traces\\64ffe27d-11cd-4c04-ac52-7c9be40416fd"}</msg>
<msg timestamp="20210806 17:29:54.855" level="INFO">{"acceptDownloads": false, "ignoreHTTPSErrors": false, "bypassCSP": false, "deviceScaleFactor": 1.0, "isMobile": false, "hasTouch": false, "javaScriptEnabled": true, "offline": false, "hideRfBrowser": false}</msg>
<msg timestamp="20210806 17:29:54.862" level="INFO">Successfully created context. </msg>
<msg timestamp="20210806 17:29:54.863" level="INFO">{'acceptDownloads': False, 'ignoreHTTPSErrors': False, 'bypassCSP': False, 'deviceScaleFactor': 1, 'isMobile': False, 'hasTouch': False, 'javaScriptEnabled': True, 'offline': False, 'hideRfBrowser': False}</msg>
<msg timestamp="20210806 17:29:57.723" level="INFO">Successfully initialized new page object and opened url: https://parodify.herokuapp.com/users/sign_in</msg>
<msg timestamp="20210806 17:29:57.723" level="INFO">{"acceptDownloads":false,"ignoreHTTPSErrors":false,"bypassCSP":false,"deviceScaleFactor":1,"isMobile":false,"hasTouch":false,"javaScriptEnabled":true,"offline":false,"hideRfBrowser":false}</msg>
<status status="PASS" starttime="20210806 17:29:53.695" endtime="20210806 17:29:57.723"/>
</kw>
<kw name="Fill Text" library="Browser">
<arg>id=user_email</arg>
<arg>${EMAIL}</arg>
<tag>PageContent</tag>
<tag>Setter</tag>
<doc>Clears and fills the given ``text`` into the text field found by ``selector``.</doc>
<msg timestamp="20210806 17:29:57.725" level="INFO">Fills the text 'papito@parodify.com' in the given field.</msg>
<status status="PASS" starttime="20210806 17:29:57.724" endtime="20210806 17:29:57.752"/>
</kw>
<kw name="Fill Text" library="Browser">
<arg>id=user_password</arg>
<arg>${EMPTY}</arg>
<tag>PageContent</tag>
<tag>Setter</tag>
<doc>Clears and fills the given ``text`` into the text field found by ``selector``.</doc>
<msg timestamp="20210806 17:29:57.753" level="INFO">Fills the text '' in the given field.</msg>
<status status="PASS" starttime="20210806 17:29:57.752" endtime="20210806 17:29:57.764"/>
</kw>
<kw name="Click" library="Browser">
<arg>css=input[value="Log in"]</arg>
<tag>PageContent</tag>
<tag>Setter</tag>
<doc>Simulates mouse click on the element found by ``selector``.</doc>
<status status="PASS" starttime="20210806 17:29:57.765" endtime="20210806 17:29:57.986"/>
</kw>
<kw name="Get Text" library="Browser">
<arg>css=.is-danger .message-body</arg>
<arg>should be</arg>
<arg>${MENSAGEM_ERRO}</arg>
<arg>5</arg>
<tag>Assertion</tag>
<tag>Getter</tag>
<tag>PageContent</tag>
<doc>Returns text attribute of the element found by ``selector``.
See the `Finding elements` section for details about the selectors.</doc>
<status status="PASS" starttime="20210806 17:29:57.987" endtime="20210806 17:29:58.343"/>
</kw>
<kw name="Take Screenshot" library="Browser" type="TEARDOWN">
<tag>PageContent</tag>
<doc>Takes a screenshot of the current window and saves it.</doc>
<msg timestamp="20210806 17:29:58.560" level="INFO" html="true">&lt;/td&gt;&lt;/tr&gt;&lt;tr&gt;&lt;td colspan="3"&gt;&lt;a href="browser/screenshot/robotframework-browser-screenshot-4.png"&gt;&lt;img src="browser/screenshot/robotframework-browser-screenshot-4.png" width="800px"&gt;&lt;/a&gt;</msg>
<status status="PASS" starttime="20210806 17:29:58.344" endtime="20210806 17:29:58.560"/>
</kw>
<status status="PASS" starttime="20210806 17:29:53.693" endtime="20210806 17:29:58.560"/>
</test>
<test id="s1-t5" name="Login com e-mail e senha nao informada">
<kw name="Open Browser" library="Browser">
<arg>${PAGINA}</arg>
<arg>${BROWSER}</arg>
<tag>BrowserControl</tag>
<tag>Setter</tag>
<doc>Opens a new browser instance. Use this keyword for quick experiments or debugging sessions.
Use `New Page` directly instead of `Open Browser` for production and automated execution.
See `Browser, Context and Page` for more information about Browser and related concepts.</doc>
<msg timestamp="20210806 17:29:58.639" level="WARN">Open Browser is for quick experimentation and debugging only. Use New Page for production.</msg>
<msg timestamp="20210806 17:29:58.641" level="INFO">{"browser": "chromium", "headless": false, "handleSIGINT": true, "handleSIGTERM": true, "handleSIGHUP": true, "timeout": 30000.0, "devtools": false, "slowMo": 0.0, "tracesDir": "D:\\workspaces\\parodify\\browser\\traces\\6dcef52e-f315-4961-aad3-4aacd615f9d3"}</msg>
<msg timestamp="20210806 17:29:59.691" level="INFO">Successfully created browser with options: {"browser":"chromium","headless":false,"handleSIGINT":true,"handleSIGTERM":true,"handleSIGHUP":true,"timeout":30000,"devtools":false,"slowMo":0,"tracesDir":"D:\\workspaces\\parodify\\browser\\traces\\6dcef52e-f315-4961-aad3-4aacd615f9d3"}</msg>
<msg timestamp="20210806 17:29:59.691" level="INFO">{"acceptDownloads": false, "ignoreHTTPSErrors": false, "bypassCSP": false, "deviceScaleFactor": 1.0, "isMobile": false, "hasTouch": false, "javaScriptEnabled": true, "offline": false, "hideRfBrowser": false}</msg>
<msg timestamp="20210806 17:29:59.699" level="INFO">Successfully created context. </msg>
<msg timestamp="20210806 17:29:59.699" level="INFO">{'acceptDownloads': False, 'ignoreHTTPSErrors': False, 'bypassCSP': False, 'deviceScaleFactor': 1, 'isMobile': False, 'hasTouch': False, 'javaScriptEnabled': True, 'offline': False, 'hideRfBrowser': False}</msg>
<msg timestamp="20210806 17:30:02.833" level="INFO">Successfully initialized new page object and opened url: https://parodify.herokuapp.com/users/sign_in</msg>
<msg timestamp="20210806 17:30:02.834" level="INFO">{"acceptDownloads":false,"ignoreHTTPSErrors":false,"bypassCSP":false,"deviceScaleFactor":1,"isMobile":false,"hasTouch":false,"javaScriptEnabled":true,"offline":false,"hideRfBrowser":false}</msg>
<status status="PASS" starttime="20210806 17:29:58.638" endtime="20210806 17:30:02.834"/>
</kw>
<kw name="Fill Text" library="Browser">
<arg>id=user_email</arg>
<arg>${EMPTY}</arg>
<tag>PageContent</tag>
<tag>Setter</tag>
<doc>Clears and fills the given ``text`` into the text field found by ``selector``.</doc>
<msg timestamp="20210806 17:30:02.835" level="INFO">Fills the text '' in the given field.</msg>
<status status="PASS" starttime="20210806 17:30:02.834" endtime="20210806 17:30:02.861"/>
</kw>
<kw name="Fill Text" library="Browser">
<arg>id=user_password</arg>
<arg>${EMPTY}</arg>
<tag>PageContent</tag>
<tag>Setter</tag>
<doc>Clears and fills the given ``text`` into the text field found by ``selector``.</doc>
<msg timestamp="20210806 17:30:02.862" level="INFO">Fills the text '' in the given field.</msg>
<status status="PASS" starttime="20210806 17:30:02.862" endtime="20210806 17:30:02.871"/>
</kw>
<kw name="Click" library="Browser">
<arg>css=input[value="Log in"]</arg>
<tag>PageContent</tag>
<tag>Setter</tag>
<doc>Simulates mouse click on the element found by ``selector``.</doc>
<status status="PASS" starttime="20210806 17:30:02.871" endtime="20210806 17:30:03.120"/>
</kw>
<kw name="Get Text" library="Browser">
<arg>css=.is-danger .message-body</arg>
<arg>should be</arg>
<arg>${MENSAGEM_ERRO}</arg>
<arg>5</arg>
<tag>Assertion</tag>
<tag>Getter</tag>
<tag>PageContent</tag>
<doc>Returns text attribute of the element found by ``selector``.
See the `Finding elements` section for details about the selectors.</doc>
<status status="PASS" starttime="20210806 17:30:03.120" endtime="20210806 17:30:03.351"/>
</kw>
<kw name="Take Screenshot" library="Browser" type="TEARDOWN">
<tag>PageContent</tag>
<doc>Takes a screenshot of the current window and saves it.</doc>
<msg timestamp="20210806 17:30:03.605" level="INFO" html="true">&lt;/td&gt;&lt;/tr&gt;&lt;tr&gt;&lt;td colspan="3"&gt;&lt;a href="browser/screenshot/robotframework-browser-screenshot-5.png"&gt;&lt;img src="browser/screenshot/robotframework-browser-screenshot-5.png" width="800px"&gt;&lt;/a&gt;</msg>
<status status="PASS" starttime="20210806 17:30:03.352" endtime="20210806 17:30:03.605"/>
</kw>
<status status="PASS" starttime="20210806 17:29:58.635" endtime="20210806 17:30:03.606"/>
</test>
<doc>Testes da página login do parodify</doc>
<status status="PASS" starttime="20210806 17:29:40.010" endtime="20210806 17:30:03.665"/>
</suite>
<statistics>
<total>
<stat pass="5" fail="0" skip="0">All Tests</stat>
</total>
<tag>
</tag>
<suite>
<stat pass="5" fail="0" skip="0" id="s1" name="Login">Login</stat>
</suite>
</statistics>
<errors>
<msg timestamp="20210806 17:29:40.837" level="WARN">Open Browser is for quick experimentation and debugging only. Use New Page for production.</msg>
<msg timestamp="20210806 17:29:45.230" level="WARN">Open Browser is for quick experimentation and debugging only. Use New Page for production.</msg>
<msg timestamp="20210806 17:29:49.435" level="WARN">Open Browser is for quick experimentation and debugging only. Use New Page for production.</msg>
<msg timestamp="20210806 17:29:53.695" level="WARN">Open Browser is for quick experimentation and debugging only. Use New Page for production.</msg>
<msg timestamp="20210806 17:29:58.639" level="WARN">Open Browser is for quick experimentation and debugging only. Use New Page for production.</msg>
</errors>
</robot>
